#
# A fatal error has been detected by the Java Runtime Environment:
#
#  SIGSEGV (0xb) at pc=0x00007fb4d1069a7a, pid=2706, tid=0x00007fb4b7255700
#
# JRE version: Java(TM) SE Runtime Environment (8.0_121-b13) (build 1.8.0_121-b13)
# Java VM: Java HotSpot(TM) 64-Bit Server VM (25.121-b13 mixed mode linux-amd64 compressed oops)
# Problematic frame:
# v  ~BufferBlob::jni_fast_GetLongField
#
# Failed to write core dump. Core dumps have been disabled. To enable core dumping, try "ulimit -c unlimited" before starting Java again
#
# If you would like to submit a bug report, please visit:
#   http://bugreport.java.com/bugreport/crash.jsp
# The crash happened outside the Java Virtual Machine in native code.
# See problematic frame for where to report the bug.
#

---------------  T H R E A D  ---------------

Current thread (0x00007fb4e021a000):  JavaThread "AWT-XAWT" daemon [_thread_in_native, id=2732, stack(0x00007fb4b7155000,0x00007fb4b7256000)]

siginfo: si_signo: 11 (SIGSEGV), si_code: 1 (SEGV_MAPERR), si_addr: 0x0000000000000000

Registers:
RAX=0x00007fb4e7ecff60, RBX=0x00007fb4e021a1f8, RCX=0x00007fb4e8934320, RDX=0x0000000000000042
RSP=0x00007fb4b7254778, RBP=0x00007fb4b72547a0, RSI=0x0000000000000000, RDI=0x00007fb4e021a1f8
R8 =0x00000000ed9bc9cd, R9 =0x0000000000000000, R10=0x0000000000000028, R11=0x00007fb4d12fa758
R12=0x00007fb46803a060, R13=0x0000000000000000, R14=0x00007fb4bd05f7e0, R15=0x00007fb4e021a000
RIP=0x00007fb4d1069a7a, EFLAGS=0x0000000000010246, CSGSFS=0x0000000000000033, ERR=0x0000000000000004
  TRAPNO=0x000000000000000e

Top of Stack: (sp=0x00007fb4b7254778)
0x00007fb4b7254778:   00007fb4bce3dee1 00007fb4d041f5d0
0x00007fb4b7254788:   00007fb46803a060 00007fb4b7254850
0x00007fb4b7254798:   00007fb4b7254820 0000000000000000
0x00007fb4b72547a8:   00007fb4bc900ae8 00007fb4d041f5d0
0x00007fb4b72547b8:   00007fb4b72547e0 0000000000000000
0x00007fb4b72547c8:   00007fb4bc8f89a3 00007fb4b7254850
0x00007fb4b72547d8:   00007fb4bce3711f 00007fb4b7254830
0x00007fb4b72547e8:   00007fb4d12fa7f6 0000000000000000
0x00007fb4b72547f8:   00007fb4d1216136 00007fb4b7254850
0x00007fb4b7254808:   00007fb4d1188e6c 00007fb4b72548b0
0x00007fb4b7254818:   000000076d0e2a30 000000076d0ac880
0x00007fb4b7254828:   0000000000000001 00007fb4b72548b0
0x00007fb4b7254838:   00007fb4d1007a90 00007fb4b72548b0
0x00007fb4b7254848:   00007fb4d1007a90 0000000000000000
0x00007fb4b7254858:   00007fb4d1007dd0 00007fb470002e20
0x00007fb4b7254868:   000000076d147ca8 00007fb4b7254870
0x00007fb4b7254878:   00007fb4d052487c 00007fb4b72548f8
0x00007fb4b7254888:   00007fb4d052d818 0000000000000000
0x00007fb4b7254898:   00007fb4d05249b8 00007fb4b7254850
0x00007fb4b72548a8:   00007fb4b72548f0 00007fb4b7254940
0x00007fb4b72548b8:   00007fb4d10082bd 0000000000000000
0x00007fb4b72548c8:   000000076d2eff50 0000000000000000
0x00007fb4b72548d8:   0000000000000000 0000000000000000
0x00007fb4b72548e8:   000000076d147ca8 0000000000000000
0x00007fb4b72548f8:   000000076d0e35d0 00007fb4b7254900
0x00007fb4b7254908:   00007fb4d05246bd 00007fb4b7254950
0x00007fb4b7254918:   00007fb4d052d818 0000000000000000
0x00007fb4b7254928:   00007fb4d05246c8 00007fb4b72548f0
0x00007fb4b7254938:   00007fb4b7254950 00007fb4b7254998
0x00007fb4b7254948:   00007fb4d1008302 000000076d0e35d0
0x00007fb4b7254958:   00007fb4b7254958 00007fb4d0061993
0x00007fb4b7254968:   00007fb4b72549a8 00007fb4d00e9010 

Instructions: (pc=0x00007fb4d1069a7a)
0x00007fb4d1069a5a:   00 00 00 00 00 00 44 8b 15 81 5f ea 16 4c 8b ce
0x00007fb4d1069a6a:   41 f6 c2 01 0f 85 2e 00 00 00 4d 33 ca 4d 33 ca
0x00007fb4d1069a7a:   4d 8b 09 4c 8b da 49 c1 eb 02 4b 8b 04 19 49 bb
0x00007fb4d1069a8a:   e8 f9 f0 e7 b4 7f 00 00 4c 33 d8 4c 33 d8 45 3b 

Register to memory mapping:

RAX=0x00007fb4e7ecff60: <offset 0xf85f60> in /usr/lib/jvm/java-8-oracle/jre/lib/amd64/server/libjvm.so at 0x00007fb4e6f4a000
RBX=0x00007fb4e021a1f8 is an unknown value
RCX=0x00007fb4e8934320: <offset 0x219320> in /lib/x86_64-linux-gnu/libpthread.so.0 at 0x00007fb4e871b000
RDX=0x0000000000000042 is an unknown value
RSP=0x00007fb4b7254778 is pointing into the stack for thread: 0x00007fb4e021a000
RBP=0x00007fb4b72547a0 is pointing into the stack for thread: 0x00007fb4e021a000
RSI=0x0000000000000000 is an unknown value
RDI=0x00007fb4e021a1f8 is an unknown value
R8 =0x00000000ed9bc9cd is an unknown value
R9 =0x0000000000000000 is an unknown value
R10=0x0000000000000028 is an unknown value
R11=0x00007fb4d12fa758 is at entry_point+24 in (nmethod*)0x00007fb4d12fa5d0
R12=0x00007fb46803a060 is an unknown value
R13=0x0000000000000000 is an unknown value
R14=0x00007fb4bd05f7e0: <offset 0x2587e0> in /usr/lib/jvm/java-8-oracle/jre/lib/amd64/libawt_xawt.so at 0x00007fb4bce07000
R15=0x00007fb4e021a000 is a thread


Stack: [0x00007fb4b7155000,0x00007fb4b7256000],  sp=0x00007fb4b7254778,  free space=1021k
Native frames: (J=compiled Java code, j=interpreted, Vv=VM code, C=native code)
v  ~BufferBlob::jni_fast_GetLongField
C  [libX11.so.6+0x61ae8]  _XimServerDestroy+0x58

Java frames: (J=compiled Java code, j=interpreted, Vv=VM code)
J 735  sun.awt.X11.XlibWrapper.XFilterEvent(JJ)Z (0 bytes) @ 0x00007fb4d12fa784 [0x00007fb4d12fa740+0x44]
j  sun.awt.X11.XToolkit.run(Z)V+300
j  sun.awt.X11.XToolkit.run()V+5
j  java.lang.Thread.run()V+11
v  ~StubRoutines::call_stub

---------------  P R O C E S S  ---------------

Java Threads: ( => current thread )
  0x00007fb46803e800 JavaThread "TimerQueue" daemon [_thread_blocked, id=2746, stack(0x00007fb4b6579000,0x00007fb4b667a000)]
  0x00007fb4e0009800 JavaThread "DestroyJavaVM" [_thread_blocked, id=2712, stack(0x00007fb4e8a33000,0x00007fb4e8b34000)]
  0x00007fb4e02ee000 JavaThread "AWT-EventQueue-0" [_thread_blocked, id=2734, stack(0x00007fb4b667a000,0x00007fb4b677b000)]
  0x00007fb4e027b000 JavaThread "AWT-Shutdown" [_thread_blocked, id=2733, stack(0x00007fb4b7054000,0x00007fb4b7155000)]
=>0x00007fb4e021a000 JavaThread "AWT-XAWT" daemon [_thread_in_native, id=2732, stack(0x00007fb4b7155000,0x00007fb4b7256000)]
  0x00007fb4e01f4000 JavaThread "Java2D Disposer" daemon [_thread_blocked, id=2731, stack(0x00007fb4b7666000,0x00007fb4b7767000)]
  0x00007fb4e00d2800 JavaThread "Service Thread" daemon [_thread_blocked, id=2729, stack(0x00007fb4bd433000,0x00007fb4bd534000)]
  0x00007fb4e00c7800 JavaThread "C1 CompilerThread3" daemon [_thread_blocked, id=2728, stack(0x00007fb4bd534000,0x00007fb4bd635000)]
  0x00007fb4e00c5000 JavaThread "C2 CompilerThread2" daemon [_thread_blocked, id=2727, stack(0x00007fb4bd635000,0x00007fb4bd736000)]
  0x00007fb4e00c3800 JavaThread "C2 CompilerThread1" daemon [_thread_blocked, id=2726, stack(0x00007fb4bd736000,0x00007fb4bd837000)]
  0x00007fb4e00c0800 JavaThread "C2 CompilerThread0" daemon [_thread_blocked, id=2725, stack(0x00007fb4bd837000,0x00007fb4bd938000)]
  0x00007fb4e00bf000 JavaThread "Signal Dispatcher" daemon [_thread_blocked, id=2724, stack(0x00007fb4bd938000,0x00007fb4bda39000)]
  0x00007fb4e008c000 JavaThread "Finalizer" daemon [_thread_blocked, id=2723, stack(0x00007fb4be11c000,0x00007fb4be21d000)]
  0x00007fb4e0087800 JavaThread "Reference Handler" daemon [_thread_blocked, id=2722, stack(0x00007fb4be21d000,0x00007fb4be31e000)]

Other Threads:
  0x00007fb4e0080000 VMThread [stack: 0x00007fb4be31e000,0x00007fb4be41f000] [id=2721]
  0x00007fb4e00d5800 WatcherThread [stack: 0x00007fb4bd332000,0x00007fb4bd433000] [id=2730]

VM state:not at safepoint (normal execution)

VM Mutex/Monitor currently owned by a thread: None

Heap:
 PSYoungGen      total 74752K, used 11627K [0x000000076cd80000, 0x0000000772080000, 0x00000007c0000000)
  eden space 64512K, 18% used [0x000000076cd80000,0x000000076d8dafc0,0x0000000770c80000)
  from space 10240K, 0% used [0x0000000771680000,0x0000000771680000,0x0000000772080000)
  to   space 10240K, 0% used [0x0000000770c80000,0x0000000770c80000,0x0000000771680000)
 ParOldGen       total 171008K, used 0K [0x00000006c6800000, 0x00000006d0f00000, 0x000000076cd80000)
  object space 171008K, 0% used [0x00000006c6800000,0x00000006c6800000,0x00000006d0f00000)
 Metaspace       used 11410K, capacity 11584K, committed 11648K, reserved 1058816K
  class space    used 1319K, capacity 1382K, committed 1408K, reserved 1048576K

Card table byte_map: [0x00007fb4e501f000,0x00007fb4e57ec000] byte_map_base: 0x00007fb4e19eb000

Marking Bits: (ParMarkBitMap*) 0x00007fb4e7f0ec80
 Begin Bits: [0x00007fb498340000, 0x00007fb49c1a0000)
 End Bits:   [0x00007fb49c1a0000, 0x00007fb4a0000000)

Polling page: 0x00007fb4e8b58000

CodeCache: size=245760Kb used=3309Kb max_used=3314Kb free=242450Kb
 bounds [0x00007fb4d1000000, 0x00007fb4d1340000, 0x00007fb4e0000000]
 total_blobs=1349 nmethods=828 adapters=435
 compilation: enabled

Compilation events (10 events):
Event: 34,970 Thread 0x00007fb4e00c7800  824       3       java.util.LinkedList$ListItr::checkForComodification (23 bytes)
Event: 34,971 Thread 0x00007fb4e00c7800 nmethod 824 0x00007fb4d133cdd0 code [0x00007fb4d133cf40, 0x00007fb4d133d168]
Event: 39,796 Thread 0x00007fb4e00c7800  825       3       java.util.Arrays::copyOf (46 bytes)
Event: 39,796 Thread 0x00007fb4e00c7800 nmethod 825 0x00007fb4d133c390 code [0x00007fb4d133c540, 0x00007fb4d133cbc8]
Event: 39,806 Thread 0x00007fb4e00c0800  826       4       java.lang.Long::valueOf (36 bytes)
Event: 39,808 Thread 0x00007fb4e00c0800 nmethod 826 0x00007fb4d133c010 code [0x00007fb4d133c160, 0x00007fb4d133c298]
Event: 45,240 Thread 0x00007fb4e00c7800  828       3       sun.awt.XSettings$Update::needBytes (65 bytes)
Event: 45,241 Thread 0x00007fb4e00c7800 nmethod 828 0x00007fb4d133d610 code [0x00007fb4d133d860, 0x00007fb4d133e518]
Event: 45,241 Thread 0x00007fb4e00c7800  827       1       sun.awt.X11.XPropertyCache::isCachingSupported (2 bytes)
Event: 45,241 Thread 0x00007fb4e00c7800 nmethod 827 0x00007fb4d133d390 code [0x00007fb4d133d4e0, 0x00007fb4d133d5d0]

GC Heap History (0 events):
No events

Deoptimization events (2 events):
Event: 1,027 Thread 0x00007fb4e0009800 Uncommon trap: reason=null_check action=make_not_entrant pc=0x00007fb4d1172728 method=java.lang.String.equals(Ljava/lang/Object;)Z @ 8
Event: 34,950 Thread 0x00007fb4e021a000 Uncommon trap: reason=unstable_if action=reinterpret pc=0x00007fb4d133b7b8 method=sun.awt.X11.XWindow.getModifiers(III)I @ 47

Internal exceptions (10 events):
Event: 0,022 Thread 0x00007fb4e0009800 Exception <a 'java/lang/NoSuchMethodError': Method sun.misc.Unsafe.prefetchRead(Ljava/lang/Object;J)V name or signature does not match> (0x000000076cd87f90) thrown at [/HUDSON3/workspace/8-2-build-linux-amd64/jdk8u121/8372/hotspot/src/share/vm/prims/jni.c
Event: 0,106 Thread 0x00007fb4e0009800 Exception <a 'java/security/PrivilegedActionException'> (0x000000076cdf9d18) thrown at [/HUDSON3/workspace/8-2-build-linux-amd64/jdk8u121/8372/hotspot/src/share/vm/prims/jvm.cpp, line 1390]
Event: 0,106 Thread 0x00007fb4e0009800 Exception <a 'java/security/PrivilegedActionException'> (0x000000076cdf9f28) thrown at [/HUDSON3/workspace/8-2-build-linux-amd64/jdk8u121/8372/hotspot/src/share/vm/prims/jvm.cpp, line 1390]
Event: 0,107 Thread 0x00007fb4e0009800 Exception <a 'java/security/PrivilegedActionException'> (0x000000076cdfc390) thrown at [/HUDSON3/workspace/8-2-build-linux-amd64/jdk8u121/8372/hotspot/src/share/vm/prims/jvm.cpp, line 1390]
Event: 0,107 Thread 0x00007fb4e0009800 Exception <a 'java/security/PrivilegedActionException'> (0x000000076cdfc5a0) thrown at [/HUDSON3/workspace/8-2-build-linux-amd64/jdk8u121/8372/hotspot/src/share/vm/prims/jvm.cpp, line 1390]
Event: 0,274 Thread 0x00007fb4e0009800 Exception <a 'java/lang/NoSuchFieldError': method resolution failed> (0x000000076d00bb68) thrown at [/HUDSON3/workspace/8-2-build-linux-amd64/jdk8u121/8372/hotspot/src/share/vm/prims/methodHandles.cpp, line 1146]
Event: 0,276 Thread 0x00007fb4e0009800 Exception <a 'java/lang/NoSuchFieldError': method resolution failed> (0x000000076d019338) thrown at [/HUDSON3/workspace/8-2-build-linux-amd64/jdk8u121/8372/hotspot/src/share/vm/prims/methodHandles.cpp, line 1146]
Event: 0,433 Thread 0x00007fb4e0009800 Exception <a 'java/io/FileNotFoundException'> (0x000000076d098b38) thrown at [/HUDSON3/workspace/8-2-build-linux-amd64/jdk8u121/8372/hotspot/src/share/vm/prims/jni.cpp, line 709]
Event: 0,433 Thread 0x00007fb4e0009800 Exception <a 'java/io/FileNotFoundException'> (0x000000076d099610) thrown at [/HUDSON3/workspace/8-2-build-linux-amd64/jdk8u121/8372/hotspot/src/share/vm/prims/jni.cpp, line 709]
Event: 1,027 Thread 0x00007fb4e0009800 Implicit null exception at 0x00007fb4d1172526 to 0x00007fb4d1172719

Events (10 events):
Event: 45,239 loading class java/util/concurrent/DelayQueue done
Event: 45,239 loading class java/util/PriorityQueue
Event: 45,239 loading class java/util/PriorityQueue done
Event: 45,240 loading class javax/swing/TimerQueue$1
Event: 45,240 loading class javax/swing/TimerQueue$1 done
Event: 45,240 Thread 0x00007fb46803e800 Thread added: 0x00007fb46803e800
Event: 45,240 loading class sun/awt/X11/XAWTXSettings$1
Event: 45,241 loading class sun/awt/X11/XAWTXSettings$1 done
Event: 45,252 loading class sun/awt/X11/XDestroyWindowEvent
Event: 45,252 loading class sun/awt/X11/XDestroyWindowEvent done


Dynamic libraries:
00400000-00401000 r-xp 00000000 08:0a 5638386                            /usr/lib/jvm/java-8-oracle/bin/java
00600000-00601000 rw-p 00000000 08:0a 5638386                            /usr/lib/jvm/java-8-oracle/bin/java
00d38000-00d59000 rw-p 00000000 00:00 0                                  [heap]
6c6800000-6d0f00000 rw-p 00000000 00:00 0 
6d0f00000-76cd80000 ---p 00000000 00:00 0 
76cd80000-772080000 rw-p 00000000 00:00 0 
772080000-7c0000000 ---p 00000000 00:00 0 
7c0000000-7c0160000 rw-p 00000000 00:00 0 
7c0160000-800000000 ---p 00000000 00:00 0 
7fb45c000000-7fb45c021000 rw-p 00000000 00:00 0 
7fb45c021000-7fb460000000 ---p 00000000 00:00 0 
7fb464000000-7fb464021000 rw-p 00000000 00:00 0 
7fb464021000-7fb468000000 ---p 00000000 00:00 0 
7fb468000000-7fb46804b000 rw-p 00000000 00:00 0 
7fb46804b000-7fb46c000000 ---p 00000000 00:00 0 
7fb46c000000-7fb46c021000 rw-p 00000000 00:00 0 
7fb46c021000-7fb470000000 ---p 00000000 00:00 0 
7fb470000000-7fb470027000 rw-p 00000000 00:00 0 
7fb470027000-7fb474000000 ---p 00000000 00:00 0 
7fb474000000-7fb474021000 rw-p 00000000 00:00 0 
7fb474021000-7fb478000000 ---p 00000000 00:00 0 
7fb478000000-7fb478021000 rw-p 00000000 00:00 0 
7fb478021000-7fb47c000000 ---p 00000000 00:00 0 
7fb47c000000-7fb47c05c000 rw-p 00000000 00:00 0 
7fb47c05c000-7fb480000000 ---p 00000000 00:00 0 
7fb480000000-7fb480754000 rw-p 00000000 00:00 0 
7fb480754000-7fb484000000 ---p 00000000 00:00 0 
7fb484000000-7fb4840c1000 rw-p 00000000 00:00 0 
7fb4840c1000-7fb488000000 ---p 00000000 00:00 0 
7fb488000000-7fb488053000 rw-p 00000000 00:00 0 
7fb488053000-7fb48c000000 ---p 00000000 00:00 0 
7fb48c000000-7fb48c021000 rw-p 00000000 00:00 0 
7fb48c021000-7fb490000000 ---p 00000000 00:00 0 
7fb490000000-7fb490021000 rw-p 00000000 00:00 0 
7fb490021000-7fb494000000 ---p 00000000 00:00 0 
7fb494000000-7fb494021000 rw-p 00000000 00:00 0 
7fb494021000-7fb498000000 ---p 00000000 00:00 0 
7fb498340000-7fb4a0000000 rw-p 00000000 00:00 0 
7fb4a0000000-7fb4a0021000 rw-p 00000000 00:00 0 
7fb4a0021000-7fb4a4000000 ---p 00000000 00:00 0 
7fb4a4000000-7fb4a4021000 rw-p 00000000 00:00 0 
7fb4a4021000-7fb4a8000000 ---p 00000000 00:00 0 
7fb4a8000000-7fb4a8021000 rw-p 00000000 00:00 0 
7fb4a8021000-7fb4ac000000 ---p 00000000 00:00 0 
7fb4b0000000-7fb4b0021000 rw-p 00000000 00:00 0 
7fb4b0021000-7fb4b4000000 ---p 00000000 00:00 0 
7fb4b62f6000-7fb4b6301000 r--s 00000000 08:0a 2097253                    /var/cache/fontconfig/945677eb7aeaf62f1d50efc3fb3ec7d8-le64.cache-4
7fb4b6301000-7fb4b6303000 r--s 00000000 08:0a 2104565                    /var/cache/fontconfig/99e8ed0e538f840c565b6ed5dad60d56-le64.cache-4
7fb4b6303000-7fb4b630c000 r--s 00000000 08:0a 2104490                    /var/cache/fontconfig/a6d8cf8e4ec09cdbc8633c31745a07dd-le64.cache-4
7fb4b6579000-7fb4b657c000 ---p 00000000 00:00 0 
7fb4b657c000-7fb4b667a000 rw-p 00000000 00:00 0                          [stack:2746]
7fb4b667a000-7fb4b667d000 ---p 00000000 00:00 0 
7fb4b667d000-7fb4b677b000 rw-p 00000000 00:00 0                          [stack:2734]
7fb4b677b000-7fb4b67e4000 r-xp 00000000 08:0a 5640392                    /usr/lib/jvm/java-8-oracle/jre/lib/amd64/libt2k.so
7fb4b67e4000-7fb4b69e4000 ---p 00069000 08:0a 5640392                    /usr/lib/jvm/java-8-oracle/jre/lib/amd64/libt2k.so
7fb4b69e4000-7fb4b69eb000 rw-p 00069000 08:0a 5640392                    /usr/lib/jvm/java-8-oracle/jre/lib/amd64/libt2k.so
7fb4b69eb000-7fb4b69fb000 rw-p 00000000 00:00 0 
7fb4b69fb000-7fb4b6a0c000 r-xp 00000000 08:0a 5639935                    /usr/lib/jvm/java-8-oracle/jre/lib/amd64/libnio.so
7fb4b6a0c000-7fb4b6c0b000 ---p 00011000 08:0a 5639935                    /usr/lib/jvm/java-8-oracle/jre/lib/amd64/libnio.so
7fb4b6c0b000-7fb4b6c0c000 rw-p 00010000 08:0a 5639935                    /usr/lib/jvm/java-8-oracle/jre/lib/amd64/libnio.so
7fb4b6c0c000-7fb4b6c3d000 rw-p 00000000 00:00 0 
7fb4b6c3d000-7fb4b6c53000 r-xp 00000000 08:0a 5639937                    /usr/lib/jvm/java-8-oracle/jre/lib/amd64/libnet.so
7fb4b6c53000-7fb4b6e53000 ---p 00016000 08:0a 5639937                    /usr/lib/jvm/java-8-oracle/jre/lib/amd64/libnet.so
7fb4b6e53000-7fb4b6e54000 rw-p 00016000 08:0a 5639937                    /usr/lib/jvm/java-8-oracle/jre/lib/amd64/libnet.so
7fb4b6e54000-7fb4b7054000 rw-p 00000000 00:00 0 
7fb4b7054000-7fb4b7057000 ---p 00000000 00:00 0 
7fb4b7057000-7fb4b7155000 rw-p 00000000 00:00 0                          [stack:2733]
7fb4b7155000-7fb4b7158000 ---p 00000000 00:00 0 
7fb4b7158000-7fb4b7256000 rw-p 00000000 00:00 0                          [stack:2732]
7fb4b7256000-7fb4b725b000 r-xp 00000000 08:0a 5376612                    /usr/lib/x86_64-linux-gnu/libXfixes.so.3.1.0
7fb4b725b000-7fb4b745a000 ---p 00005000 08:0a 5376612                    /usr/lib/x86_64-linux-gnu/libXfixes.so.3.1.0
7fb4b745a000-7fb4b745b000 r--p 00004000 08:0a 5376612                    /usr/lib/x86_64-linux-gnu/libXfixes.so.3.1.0
7fb4b745b000-7fb4b745c000 rw-p 00005000 08:0a 5376612                    /usr/lib/x86_64-linux-gnu/libXfixes.so.3.1.0
7fb4b745c000-7fb4b7465000 r-xp 00000000 08:0a 5382099                    /usr/lib/x86_64-linux-gnu/libXcursor.so.1.0.2
7fb4b7465000-7fb4b7664000 ---p 00009000 08:0a 5382099                    /usr/lib/x86_64-linux-gnu/libXcursor.so.1.0.2
7fb4b7664000-7fb4b7665000 r--p 00008000 08:0a 5382099                    /usr/lib/x86_64-linux-gnu/libXcursor.so.1.0.2
7fb4b7665000-7fb4b7666000 rw-p 00009000 08:0a 5382099                    /usr/lib/x86_64-linux-gnu/libXcursor.so.1.0.2
7fb4b7666000-7fb4b7669000 ---p 00000000 00:00 0 
7fb4b7669000-7fb4b7767000 rw-p 00000000 00:00 0                          [stack:2731]
7fb4b7767000-7fb4b777d000 r-xp 00000000 08:0a 9306131                    /lib/x86_64-linux-gnu/libgcc_s.so.1
7fb4b777d000-7fb4b797c000 ---p 00016000 08:0a 9306131                    /lib/x86_64-linux-gnu/libgcc_s.so.1
7fb4b797c000-7fb4b797d000 rw-p 00015000 08:0a 9306131                    /lib/x86_64-linux-gnu/libgcc_s.so.1
7fb4b797d000-7fb4b79e2000 r-xp 00000000 08:0a 5640390                    /usr/lib/jvm/java-8-oracle/jre/lib/amd64/libfontmanager.so
7fb4b79e2000-7fb4b7be1000 ---p 00065000 08:0a 5640390                    /usr/lib/jvm/java-8-oracle/jre/lib/amd64/libfontmanager.so
7fb4b7be1000-7fb4b7be6000 rw-p 00064000 08:0a 5640390                    /usr/lib/jvm/java-8-oracle/jre/lib/amd64/libfontmanager.so
7fb4b7be6000-7fb4b7bf6000 rw-p 00000000 00:00 0 
7fb4b7bf6000-7fb4b7bfb000 r-xp 00000000 08:0a 5382103                    /usr/lib/x86_64-linux-gnu/libXdmcp.so.6.0.0
7fb4b7bfb000-7fb4b7dfa000 ---p 00005000 08:0a 5382103                    /usr/lib/x86_64-linux-gnu/libXdmcp.so.6.0.0
7fb4b7dfa000-7fb4b7dfb000 r--p 00004000 08:0a 5382103                    /usr/lib/x86_64-linux-gnu/libXdmcp.so.6.0.0
7fb4b7dfb000-7fb4b7dfc000 rw-p 00005000 08:0a 5382103                    /usr/lib/x86_64-linux-gnu/libXdmcp.so.6.0.0
7fb4b7dfc000-7fb4b7dfe000 r-xp 00000000 08:0a 5382092                    /usr/lib/x86_64-linux-gnu/libXau.so.6.0.0
7fb4b7dfe000-7fb4b7ffe000 ---p 00002000 08:0a 5382092                    /usr/lib/x86_64-linux-gnu/libXau.so.6.0.0
7fb4b7ffe000-7fb4b7fff000 r--p 00002000 08:0a 5382092                    /usr/lib/x86_64-linux-gnu/libXau.so.6.0.0
7fb4b7fff000-7fb4b8000000 rw-p 00003000 08:0a 5382092                    /usr/lib/x86_64-linux-gnu/libXau.so.6.0.0
7fb4b8000000-7fb4b8021000 rw-p 00000000 00:00 0 
7fb4b8021000-7fb4bc000000 ---p 00000000 00:00 0 
7fb4bc001000-7fb4bc007000 r--s 00000000 08:0a 2099523                    /var/cache/fontconfig/2cd17615ca594fa2959ae173292e504c-le64.cache-4
7fb4bc007000-7fb4bc00e000 r--s 00000000 08:0a 2099303                    /var/cache/fontconfig/a755afe4a08bf5b97852ceb7400b47bc-le64.cache-4
7fb4bc00e000-7fb4bc012000 r--s 00000000 08:0a 2099286                    /var/cache/fontconfig/6d41288fd70b0be22e8c3a91e032eec0-le64.cache-4
7fb4bc012000-7fb4bc026000 r--s 00000000 08:0a 2099210                    /var/cache/fontconfig/04aabc0a78ac019cf9454389977116d2-le64.cache-4
7fb4bc026000-7fb4bc02a000 r--s 00000000 08:0a 2099201                    /var/cache/fontconfig/385c0604a188198f04d133e54aba7fe7-le64.cache-4
7fb4bc02a000-7fb4bc031000 r--s 00000000 08:0a 2099001                    /var/cache/fontconfig/3047814df9a2f067bd2d96a2b9c36e5a-le64.cache-4
7fb4bc031000-7fb4bc03a000 r--s 00000000 08:0a 2104474                    /var/cache/fontconfig/52f7bdb7ce746bfd7eaa1985bd9cfa93-le64.cache-4
7fb4bc03a000-7fb4bc060000 r--p 00000000 08:0a 6566852                    /usr/share/locale-langpack/es/LC_MESSAGES/libc.mo
7fb4bc060000-7fb4bc07d000 r-xp 00000000 08:0a 5383162                    /usr/lib/x86_64-linux-gnu/libxcb.so.1.1.0
7fb4bc07d000-7fb4bc27d000 ---p 0001d000 08:0a 5383162                    /usr/lib/x86_64-linux-gnu/libxcb.so.1.1.0
7fb4bc27d000-7fb4bc27e000 r--p 0001d000 08:0a 5383162                    /usr/lib/x86_64-linux-gnu/libxcb.so.1.1.0
7fb4bc27e000-7fb4bc27f000 rw-p 0001e000 08:0a 5383162                    /usr/lib/x86_64-linux-gnu/libxcb.so.1.1.0
7fb4bc27f000-7fb4bc28e000 r-xp 00000000 08:0a 5376635                    /usr/lib/x86_64-linux-gnu/libXi.so.6.1.0
7fb4bc28e000-7fb4bc48d000 ---p 0000f000 08:0a 5376635                    /usr/lib/x86_64-linux-gnu/libXi.so.6.1.0
7fb4bc48d000-7fb4bc48e000 r--p 0000e000 08:0a 5376635                    /usr/lib/x86_64-linux-gnu/libXi.so.6.1.0
7fb4bc48e000-7fb4bc48f000 rw-p 0000f000 08:0a 5376635                    /usr/lib/x86_64-linux-gnu/libXi.so.6.1.0
7fb4bc48f000-7fb4bc494000 r-xp 00000000 08:0a 5382133                    /usr/lib/x86_64-linux-gnu/libXtst.so.6.1.0
7fb4bc494000-7fb4bc693000 ---p 00005000 08:0a 5382133                    /usr/lib/x86_64-linux-gnu/libXtst.so.6.1.0
7fb4bc693000-7fb4bc694000 r--p 00004000 08:0a 5382133                    /usr/lib/x86_64-linux-gnu/libXtst.so.6.1.0
7fb4bc694000-7fb4bc695000 rw-p 00005000 08:0a 5382133                    /usr/lib/x86_64-linux-gnu/libXtst.so.6.1.0
7fb4bc695000-7fb4bc69e000 r-xp 00000000 08:0a 5376642                    /usr/lib/x86_64-linux-gnu/libXrender.so.1.3.0
7fb4bc69e000-7fb4bc89d000 ---p 00009000 08:0a 5376642                    /usr/lib/x86_64-linux-gnu/libXrender.so.1.3.0
7fb4bc89d000-7fb4bc89e000 r--p 00008000 08:0a 5376642                    /usr/lib/x86_64-linux-gnu/libXrender.so.1.3.0
7fb4bc89e000-7fb4bc89f000 rw-p 00009000 08:0a 5376642                    /usr/lib/x86_64-linux-gnu/libXrender.so.1.3.0
7fb4bc89f000-7fb4bc9cf000 r-xp 00000000 08:0a 5382088                    /usr/lib/x86_64-linux-gnu/libX11.so.6.3.0
7fb4bc9cf000-7fb4bcbcf000 ---p 00130000 08:0a 5382088                    /usr/lib/x86_64-linux-gnu/libX11.so.6.3.0
7fb4bcbcf000-7fb4bcbd0000 r--p 00130000 08:0a 5382088                    /usr/lib/x86_64-linux-gnu/libX11.so.6.3.0
7fb4bcbd0000-7fb4bcbd4000 rw-p 00131000 08:0a 5382088                    /usr/lib/x86_64-linux-gnu/libX11.so.6.3.0
7fb4bcbd4000-7fb4bcbe5000 r-xp 00000000 08:0a 5379456                    /usr/lib/x86_64-linux-gnu/libXext.so.6.4.0
7fb4bcbe5000-7fb4bcde4000 ---p 00011000 08:0a 5379456                    /usr/lib/x86_64-linux-gnu/libXext.so.6.4.0
7fb4bcde4000-7fb4bcde5000 r--p 00010000 08:0a 5379456                    /usr/lib/x86_64-linux-gnu/libXext.so.6.4.0
7fb4bcde5000-7fb4bcde6000 rw-p 00011000 08:0a 5379456                    /usr/lib/x86_64-linux-gnu/libXext.so.6.4.0
7fb4bcde6000-7fb4bcde7000 r--s 00000000 08:0a 2099564                    /var/cache/fontconfig/c05880de57d1f5e948fdfacc138775d9-le64.cache-4
7fb4bcde7000-7fb4bcde8000 r--s 00000000 08:0a 2099477                    /var/cache/fontconfig/e7071f4a29fa870f4323321c154eba04-le64.cache-4
7fb4bcde8000-7fb4bcde9000 r--s 00000000 08:0a 2099354                    /var/cache/fontconfig/0d8c3b2ac0904cb8a57a757ad11a4a08-le64.cache-4
7fb4bcde9000-7fb4bcdeb000 r--s 00000000 08:0a 2098812                    /var/cache/fontconfig/767a8244fc0220cfb567a839d0392e0b-le64.cache-4
7fb4bcdeb000-7fb4bcdfe000 r--s 00000000 08:0a 2098938                    /var/cache/fontconfig/d52a8644073d54c13679302ca1180695-le64.cache-4
7fb4bcdfe000-7fb4bce07000 r--s 00000000 08:0a 2098936                    /var/cache/fontconfig/3f7329c5293ffd510edef78f73874cfd-le64.cache-4
7fb4bce07000-7fb4bce5b000 r-xp 00000000 08:0a 5639954                    /usr/lib/jvm/java-8-oracle/jre/lib/amd64/libawt_xawt.so
7fb4bce5b000-7fb4bd05b000 ---p 00054000 08:0a 5639954                    /usr/lib/jvm/java-8-oracle/jre/lib/amd64/libawt_xawt.so
7fb4bd05b000-7fb4bd05f000 rw-p 00054000 08:0a 5639954                    /usr/lib/jvm/java-8-oracle/jre/lib/amd64/libawt_xawt.so
7fb4bd05f000-7fb4bd060000 rw-p 00000000 00:00 0 
7fb4bd060000-7fb4bd102000 r-xp 00000000 08:0a 5639933                    /usr/lib/jvm/java-8-oracle/jre/lib/amd64/libawt.so
7fb4bd102000-7fb4bd302000 ---p 000a2000 08:0a 5639933                    /usr/lib/jvm/java-8-oracle/jre/lib/amd64/libawt.so
7fb4bd302000-7fb4bd30e000 rw-p 000a2000 08:0a 5639933                    /usr/lib/jvm/java-8-oracle/jre/lib/amd64/libawt.so
7fb4bd30e000-7fb4bd332000 rw-p 00000000 00:00 0 
7fb4bd332000-7fb4bd333000 ---p 00000000 00:00 0 
7fb4bd333000-7fb4bd433000 rw-p 00000000 00:00 0                          [stack:2730]
7fb4bd433000-7fb4bd436000 ---p 00000000 00:00 0 
7fb4bd436000-7fb4bd534000 rw-p 00000000 00:00 0                          [stack:2729]
7fb4bd534000-7fb4bd537000 ---p 00000000 00:00 0 
7fb4bd537000-7fb4bd635000 rw-p 00000000 00:00 0                          [stack:2728]
7fb4bd635000-7fb4bd638000 ---p 00000000 00:00 0 
7fb4bd638000-7fb4bd736000 rw-p 00000000 00:00 0                          [stack:2727]
7fb4bd736000-7fb4bd739000 ---p 00000000 00:00 0 
7fb4bd739000-7fb4bd837000 rw-p 00000000 00:00 0                          [stack:2726]
7fb4bd837000-7fb4bd83a000 ---p 00000000 00:00 0 
7fb4bd83a000-7fb4bd938000 rw-p 00000000 00:00 0                          [stack:2725]
7fb4bd938000-7fb4bd93b000 ---p 00000000 00:00 0 
7fb4bd93b000-7fb4bda39000 rw-p 00000000 00:00 0                          [stack:2724]
7fb4bda39000-7fb4be11c000 r--p 00000000 08:0a 5381078                    /usr/lib/locale/locale-archive
7fb4be11c000-7fb4be11f000 ---p 00000000 00:00 0 
7fb4be11f000-7fb4be21d000 rw-p 00000000 00:00 0                          [stack:2723]
7fb4be21d000-7fb4be220000 ---p 00000000 00:00 0 
7fb4be220000-7fb4be31e000 rw-p 00000000 00:00 0                          [stack:2722]
7fb4be31e000-7fb4be31f000 ---p 00000000 00:00 0 
7fb4be31f000-7fb4c0000000 rw-p 00000000 00:00 0                          [stack:2721]
7fb4c0000000-7fb4c0021000 rw-p 00000000 00:00 0 
7fb4c0021000-7fb4c4000000 ---p 00000000 00:00 0 
7fb4c4000000-7fb4c4021000 rw-p 00000000 00:00 0 
7fb4c4021000-7fb4c8000000 ---p 00000000 00:00 0 
7fb4c8000000-7fb4c8021000 rw-p 00000000 00:00 0 
7fb4c8021000-7fb4cc000000 ---p 00000000 00:00 0 
7fb4cc000000-7fb4cc021000 rw-p 00000000 00:00 0 
7fb4cc021000-7fb4d0000000 ---p 00000000 00:00 0 
7fb4d0000000-7fb4d0001000 r--s 00000000 08:0a 2099207                    /var/cache/fontconfig/1ac9eb803944fde146138c791f5cc56a-le64.cache-4
7fb4d0001000-7fb4d0006000 r--s 00000000 08:0a 2099080                    /var/cache/fontconfig/8801497958630a81b71ace7c5f9b32a8-le64.cache-4
7fb4d0006000-7fb4d0013000 r--s 00000000 08:0a 2098795                    /var/cache/fontconfig/e13b20fdb08344e0e664864cc2ede53d-le64.cache-4
7fb4d0013000-7fb4d1000000 rw-p 00000000 00:00 0 
7fb4d1000000-7fb4d1340000 rwxp 00000000 00:00 0 
7fb4d1340000-7fb4e0000000 ---p 00000000 00:00 0 
7fb4e0000000-7fb4e0556000 rw-p 00000000 00:00 0 
7fb4e0556000-7fb4e4000000 ---p 00000000 00:00 0 
7fb4e4000000-7fb4e4001000 r--s 00000000 08:0a 2099155                    /var/cache/fontconfig/dc05db6664285cc2f12bf69c139ae4c3-le64.cache-4
7fb4e4001000-7fb4e4002000 r--s 00000000 08:0a 2101556                    /var/cache/fontconfig/4794a0821666d79190d59a36cb4f44b5-le64.cache-4
7fb4e4002000-7fb4e4003000 r--s 00000000 08:0a 2099000                    /var/cache/fontconfig/56cf4f4769d0f4abc89a4895d7bd3ae1-le64.cache-4
7fb4e4003000-7fb4e4004000 r--s 00000000 08:0a 2098994                    /var/cache/fontconfig/b9d506c9ac06c20b433354fa67a72993-le64.cache-4
7fb4e4004000-7fb4e4095000 rw-p 00000000 00:00 0 
7fb4e4095000-7fb4e426e000 r--s 03d3e000 08:0a 5639883                    /usr/lib/jvm/java-8-oracle/jre/lib/rt.jar
7fb4e426e000-7fb4e42e4000 rw-p 00000000 00:00 0 
7fb4e42e4000-7fb4e42e5000 ---p 00000000 00:00 0 
7fb4e42e5000-7fb4e43e5000 rw-p 00000000 00:00 0                          [stack:2720]
7fb4e43e5000-7fb4e43e6000 ---p 00000000 00:00 0 
7fb4e43e6000-7fb4e44e6000 rw-p 00000000 00:00 0                          [stack:2719]
7fb4e44e6000-7fb4e44e7000 ---p 00000000 00:00 0 
7fb4e44e7000-7fb4e45e7000 rw-p 00000000 00:00 0                          [stack:2718]
7fb4e45e7000-7fb4e45e8000 ---p 00000000 00:00 0 
7fb4e45e8000-7fb4e46e8000 rw-p 00000000 00:00 0                          [stack:2717]
7fb4e46e8000-7fb4e46e9000 ---p 00000000 00:00 0 
7fb4e46e9000-7fb4e47e9000 rw-p 00000000 00:00 0                          [stack:2716]
7fb4e47e9000-7fb4e47ea000 ---p 00000000 00:00 0 
7fb4e47ea000-7fb4e48ea000 rw-p 00000000 00:00 0                          [stack:2715]
7fb4e48ea000-7fb4e48eb000 ---p 00000000 00:00 0 
7fb4e48eb000-7fb4e49eb000 rw-p 00000000 00:00 0                          [stack:2714]
7fb4e49eb000-7fb4e49ec000 ---p 00000000 00:00 0 
7fb4e49ec000-7fb4e4b40000 rw-p 00000000 00:00 0                          [stack:2713]
7fb4e4b40000-7fb4e501f000 ---p 00000000 00:00 0 
7fb4e501f000-7fb4e5073000 rw-p 00000000 00:00 0 
7fb4e5073000-7fb4e5551000 ---p 00000000 00:00 0 
7fb4e5551000-7fb4e557c000 rw-p 00000000 00:00 0 
7fb4e557c000-7fb4e57eb000 ---p 00000000 00:00 0 
7fb4e57eb000-7fb4e57f9000 rw-p 00000000 00:00 0 
7fb4e57f9000-7fb4e5bac000 ---p 00000000 00:00 0 
7fb4e5bac000-7fb4e5bc6000 r-xp 00000000 08:0a 5639962                    /usr/lib/jvm/java-8-oracle/jre/lib/amd64/libzip.so
7fb4e5bc6000-7fb4e5dc6000 ---p 0001a000 08:0a 5639962                    /usr/lib/jvm/java-8-oracle/jre/lib/amd64/libzip.so
7fb4e5dc6000-7fb4e5dc7000 rw-p 0001a000 08:0a 5639962                    /usr/lib/jvm/java-8-oracle/jre/lib/amd64/libzip.so
7fb4e5dc7000-7fb4e5dd1000 r-xp 00000000 08:0a 9306561                    /lib/x86_64-linux-gnu/libnss_files-2.19.so
7fb4e5dd1000-7fb4e5fd0000 ---p 0000a000 08:0a 9306561                    /lib/x86_64-linux-gnu/libnss_files-2.19.so
7fb4e5fd0000-7fb4e5fd1000 r--p 00009000 08:0a 9306561                    /lib/x86_64-linux-gnu/libnss_files-2.19.so
7fb4e5fd1000-7fb4e5fd2000 rw-p 0000a000 08:0a 9306561                    /lib/x86_64-linux-gnu/libnss_files-2.19.so
7fb4e5fd2000-7fb4e5fdd000 r-xp 00000000 08:0a 9306480                    /lib/x86_64-linux-gnu/libnss_nis-2.19.so
7fb4e5fdd000-7fb4e61dc000 ---p 0000b000 08:0a 9306480                    /lib/x86_64-linux-gnu/libnss_nis-2.19.so
7fb4e61dc000-7fb4e61dd000 r--p 0000a000 08:0a 9306480                    /lib/x86_64-linux-gnu/libnss_nis-2.19.so
7fb4e61dd000-7fb4e61de000 rw-p 0000b000 08:0a 9306480                    /lib/x86_64-linux-gnu/libnss_nis-2.19.so
7fb4e61de000-7fb4e61f5000 r-xp 00000000 08:0a 9306460                    /lib/x86_64-linux-gnu/libnsl-2.19.so
7fb4e61f5000-7fb4e63f4000 ---p 00017000 08:0a 9306460                    /lib/x86_64-linux-gnu/libnsl-2.19.so
7fb4e63f4000-7fb4e63f5000 r--p 00016000 08:0a 9306460                    /lib/x86_64-linux-gnu/libnsl-2.19.so
7fb4e63f5000-7fb4e63f6000 rw-p 00017000 08:0a 9306460                    /lib/x86_64-linux-gnu/libnsl-2.19.so
7fb4e63f6000-7fb4e63f8000 rw-p 00000000 00:00 0 
7fb4e63f8000-7fb4e6401000 r-xp 00000000 08:0a 9306456                    /lib/x86_64-linux-gnu/libnss_compat-2.19.so
7fb4e6401000-7fb4e6600000 ---p 00009000 08:0a 9306456                    /lib/x86_64-linux-gnu/libnss_compat-2.19.so
7fb4e6600000-7fb4e6601000 r--p 00008000 08:0a 9306456                    /lib/x86_64-linux-gnu/libnss_compat-2.19.so
7fb4e6601000-7fb4e6602000 rw-p 00009000 08:0a 9306456                    /lib/x86_64-linux-gnu/libnss_compat-2.19.so
7fb4e6602000-7fb4e662d000 r-xp 00000000 08:0a 5639934                    /usr/lib/jvm/java-8-oracle/jre/lib/amd64/libjava.so
7fb4e662d000-7fb4e682c000 ---p 0002b000 08:0a 5639934                    /usr/lib/jvm/java-8-oracle/jre/lib/amd64/libjava.so
7fb4e682c000-7fb4e682e000 rw-p 0002a000 08:0a 5639934                    /usr/lib/jvm/java-8-oracle/jre/lib/amd64/libjava.so
7fb4e682e000-7fb4e683b000 r-xp 00000000 08:0a 5640388                    /usr/lib/jvm/java-8-oracle/jre/lib/amd64/libverify.so
7fb4e683b000-7fb4e6a3a000 ---p 0000d000 08:0a 5640388                    /usr/lib/jvm/java-8-oracle/jre/lib/amd64/libverify.so
7fb4e6a3a000-7fb4e6a3c000 rw-p 0000c000 08:0a 5640388                    /usr/lib/jvm/java-8-oracle/jre/lib/amd64/libverify.so
7fb4e6a3c000-7fb4e6a43000 r-xp 00000000 08:0a 9306494                    /lib/x86_64-linux-gnu/librt-2.19.so
7fb4e6a43000-7fb4e6c42000 ---p 00007000 08:0a 9306494                    /lib/x86_64-linux-gnu/librt-2.19.so
7fb4e6c42000-7fb4e6c43000 r--p 00006000 08:0a 9306494                    /lib/x86_64-linux-gnu/librt-2.19.so
7fb4e6c43000-7fb4e6c44000 rw-p 00007000 08:0a 9306494                    /lib/x86_64-linux-gnu/librt-2.19.so
7fb4e6c44000-7fb4e6d49000 r-xp 00000000 08:0a 9306373                    /lib/x86_64-linux-gnu/libm-2.19.so
7fb4e6d49000-7fb4e6f48000 ---p 00105000 08:0a 9306373                    /lib/x86_64-linux-gnu/libm-2.19.so
7fb4e6f48000-7fb4e6f49000 r--p 00104000 08:0a 9306373                    /lib/x86_64-linux-gnu/libm-2.19.so
7fb4e6f49000-7fb4e6f4a000 rw-p 00105000 08:0a 9306373                    /lib/x86_64-linux-gnu/libm-2.19.so
7fb4e6f4a000-7fb4e7c18000 r-xp 00000000 08:0a 5640381                    /usr/lib/jvm/java-8-oracle/jre/lib/amd64/server/libjvm.so
7fb4e7c18000-7fb4e7e18000 ---p 00cce000 08:0a 5640381                    /usr/lib/jvm/java-8-oracle/jre/lib/amd64/server/libjvm.so
7fb4e7e18000-7fb4e7ef1000 rw-p 00cce000 08:0a 5640381                    /usr/lib/jvm/java-8-oracle/jre/lib/amd64/server/libjvm.so
7fb4e7ef1000-7fb4e7f3c000 rw-p 00000000 00:00 0 
7fb4e7f3c000-7fb4e80f6000 r-xp 00000000 08:0a 9306514                    /lib/x86_64-linux-gnu/libc-2.19.so
7fb4e80f6000-7fb4e82f6000 ---p 001ba000 08:0a 9306514                    /lib/x86_64-linux-gnu/libc-2.19.so
7fb4e82f6000-7fb4e82fa000 r--p 001ba000 08:0a 9306514                    /lib/x86_64-linux-gnu/libc-2.19.so
7fb4e82fa000-7fb4e82fc000 rw-p 001be000 08:0a 9306514                    /lib/x86_64-linux-gnu/libc-2.19.so
7fb4e82fc000-7fb4e8301000 rw-p 00000000 00:00 0 
7fb4e8301000-7fb4e8304000 r-xp 00000000 08:0a 9306448                    /lib/x86_64-linux-gnu/libdl-2.19.so
7fb4e8304000-7fb4e8503000 ---p 00003000 08:0a 9306448                    /lib/x86_64-linux-gnu/libdl-2.19.so
7fb4e8503000-7fb4e8504000 r--p 00002000 08:0a 9306448                    /lib/x86_64-linux-gnu/libdl-2.19.so
7fb4e8504000-7fb4e8505000 rw-p 00003000 08:0a 9306448                    /lib/x86_64-linux-gnu/libdl-2.19.so
7fb4e8505000-7fb4e851a000 r-xp 00000000 08:0a 8395732                    /usr/lib/jvm/java-8-oracle/lib/amd64/jli/libjli.so
7fb4e851a000-7fb4e871a000 ---p 00015000 08:0a 8395732                    /usr/lib/jvm/java-8-oracle/lib/amd64/jli/libjli.so
7fb4e871a000-7fb4e871b000 rw-p 00015000 08:0a 8395732                    /usr/lib/jvm/java-8-oracle/lib/amd64/jli/libjli.so
7fb4e871b000-7fb4e8734000 r-xp 00000000 08:0a 9306464                    /lib/x86_64-linux-gnu/libpthread-2.19.so
7fb4e8734000-7fb4e8933000 ---p 00019000 08:0a 9306464                    /lib/x86_64-linux-gnu/libpthread-2.19.so
7fb4e8933000-7fb4e8934000 r--p 00018000 08:0a 9306464                    /lib/x86_64-linux-gnu/libpthread-2.19.so
7fb4e8934000-7fb4e8935000 rw-p 00019000 08:0a 9306464                    /lib/x86_64-linux-gnu/libpthread-2.19.so
7fb4e8935000-7fb4e8939000 rw-p 00000000 00:00 0 
7fb4e8939000-7fb4e895c000 r-xp 00000000 08:0a 9306466                    /lib/x86_64-linux-gnu/ld-2.19.so
7fb4e895c000-7fb4e8962000 r--s 00000000 08:0a 2098981                    /var/cache/fontconfig/b47c4e1ecd0709278f4910c18777a504-le64.cache-4
7fb4e8962000-7fb4e8a33000 rw-p 00000000 00:00 0 
7fb4e8a33000-7fb4e8a36000 ---p 00000000 00:00 0 
7fb4e8a36000-7fb4e8b38000 rw-p 00000000 00:00 0                          [stack:2712]
7fb4e8b38000-7fb4e8b43000 r--s 00000000 08:0a 2098934                    /var/cache/fontconfig/d589a48862398ed80a3d6066f4f56f4c-le64.cache-4
7fb4e8b43000-7fb4e8b44000 r--s 00000000 08:0a 2098922                    /var/cache/fontconfig/0c9eb80ebd1c36541ebe2852d3bb0c49-le64.cache-4
7fb4e8b44000-7fb4e8b48000 r--s 00000000 08:0a 2104475                    /var/cache/fontconfig/7ef2298fde41cc6eeb7af42e48b7d293-le64.cache-4
7fb4e8b48000-7fb4e8b4f000 r--s 00000000 08:0a 5771594                    /usr/lib/x86_64-linux-gnu/gconv/gconv-modules.cache
7fb4e8b4f000-7fb4e8b57000 rw-s 00000000 08:0a 917516                     /tmp/hsperfdata_javisunami/2706
7fb4e8b57000-7fb4e8b58000 rw-p 00000000 00:00 0 
7fb4e8b58000-7fb4e8b59000 r--p 00000000 00:00 0 
7fb4e8b59000-7fb4e8b5b000 rw-p 00000000 00:00 0 
7fb4e8b5b000-7fb4e8b5c000 r--p 00022000 08:0a 9306466                    /lib/x86_64-linux-gnu/ld-2.19.so
7fb4e8b5c000-7fb4e8b5d000 rw-p 00023000 08:0a 9306466                    /lib/x86_64-linux-gnu/ld-2.19.so
7fb4e8b5d000-7fb4e8b5e000 rw-p 00000000 00:00 0 
7ffd5e48b000-7ffd5e4ac000 rw-p 00000000 00:00 0                          [stack]
7ffd5e561000-7ffd5e563000 r-xp 00000000 00:00 0                          [vdso]
ffffffffff600000-ffffffffff601000 r-xp 00000000 00:00 0                  [vsyscall]

VM Arguments:
jvm_args: -Dfile.encoding=UTF-8 
java_command: ejemploBasicoRobot.RobotBasico
java_class_path (initial): /home/javisunami/workspace/Clase Robot/bin
Launcher Type: SUN_STANDARD

Environment Variables:
JAVA_HOME=/usr/lib/jvm/java-8-oracle
PATH=/usr/local/sbin:/usr/local/bin:/usr/sbin:/usr/bin:/sbin:/bin:/usr/games:/usr/local/games:/usr/lib/jvm/java-8-oracle/bin:/usr/lib/jvm/java-8-oracle/db/bin:/usr/lib/jvm/java-8-oracle/jre/bin:/home/javisunami/.rvm/bin
SHELL=/bin/bash
DISPLAY=:0.0

Signal Handlers:
SIGSEGV: [libjvm.so+0xac78c0], sa_mask[0]=11111111011111111101111111111110, sa_flags=SA_RESTART|SA_SIGINFO
SIGBUS: [libjvm.so+0xac78c0], sa_mask[0]=11111111011111111101111111111110, sa_flags=SA_RESTART|SA_SIGINFO
SIGFPE: [libjvm.so+0x920ac0], sa_mask[0]=11111111011111111101111111111110, sa_flags=SA_RESTART|SA_SIGINFO
SIGPIPE: [libjvm.so+0x920ac0], sa_mask[0]=11111111011111111101111111111110, sa_flags=SA_RESTART|SA_SIGINFO
SIGXFSZ: [libjvm.so+0x920ac0], sa_mask[0]=11111111011111111101111111111110, sa_flags=SA_RESTART|SA_SIGINFO
SIGILL: [libjvm.so+0x920ac0], sa_mask[0]=11111111011111111101111111111110, sa_flags=SA_RESTART|SA_SIGINFO
SIGUSR1: SIG_DFL, sa_mask[0]=00000000000000000000000000000000, sa_flags=none
SIGUSR2: [libjvm.so+0x922300], sa_mask[0]=00100000000000000000000000000000, sa_flags=SA_RESTART|SA_SIGINFO
SIGHUP: [libjvm.so+0x923700], sa_mask[0]=11111111011111111101111111111110, sa_flags=SA_RESTART|SA_SIGINFO
SIGINT: [libjvm.so+0x923700], sa_mask[0]=11111111011111111101111111111110, sa_flags=SA_RESTART|SA_SIGINFO
SIGTERM: [libjvm.so+0x923700], sa_mask[0]=11111111011111111101111111111110, sa_flags=SA_RESTART|SA_SIGINFO
SIGQUIT: [libjvm.so+0x923700], sa_mask[0]=11111111011111111101111111111110, sa_flags=SA_RESTART|SA_SIGINFO


---------------  S Y S T E M  ---------------

OS:DISTRIB_ID=Ubuntu
DISTRIB_RELEASE=14.04
DISTRIB_CODENAME=trusty
DISTRIB_DESCRIPTION="Ubuntu 14.04.5 LTS"

uname:Linux 3.13.0-63-generic #103-Ubuntu SMP Fri Aug 14 21:42:59 UTC 2015 x86_64
libc:glibc 2.19 NPTL 2.19 
rlimit: STACK 8192k, CORE 0k, NPROC 126910, NOFILE 4096, AS infinity
load average:0,98 0,70 0,29

/proc/meminfo:
MemTotal:       16344488 kB
MemFree:        14677156 kB
Buffers:          102460 kB
Cached:           575400 kB
SwapCached:            0 kB
Active:           947812 kB
Inactive:         492456 kB
Active(anon):     763612 kB
Inactive(anon):   120032 kB
Active(file):     184200 kB
Inactive(file):   372424 kB
Unevictable:          76 kB
Mlocked:              76 kB
SwapTotal:       8000508 kB
SwapFree:        8000508 kB
Dirty:               172 kB
Writeback:             0 kB
AnonPages:        716500 kB
Mapped:           124816 kB
Shmem:            121492 kB
Slab:              69348 kB
SReclaimable:      37320 kB
SUnreclaim:        32028 kB
KernelStack:        3968 kB
PageTables:        17892 kB
NFS_Unstable:          0 kB
Bounce:                0 kB
WritebackTmp:          0 kB
CommitLimit:    16172752 kB
Committed_AS:    2152528 kB
VmallocTotal:   34359738367 kB
VmallocUsed:      621100 kB
VmallocChunk:   34359102460 kB
HardwareCorrupted:     0 kB
AnonHugePages:    333824 kB
HugePages_Total:       0
HugePages_Free:        0
HugePages_Rsvd:        0
HugePages_Surp:        0
Hugepagesize:       2048 kB
DirectMap4k:       94976 kB
DirectMap2M:     4009984 kB
DirectMap1G:    12582912 kB


CPU:total 8 (4 cores per cpu, 2 threads per core) family 6 model 60 stepping 3, cmov, cx8, fxsr, mmx, sse, sse2, sse3, ssse3, sse4.1, sse4.2, popcnt, avx, avx2, aes, clmul, erms, lzcnt, ht, tsc, tscinvbit, bmi1, bmi2

/proc/cpuinfo:
processor	: 0
vendor_id	: GenuineIntel
cpu family	: 6
model		: 60
model name	: Intel(R) Core(TM) i7-4702MQ CPU @ 2.20GHz
stepping	: 3
microcode	: 0x10
cpu MHz		: 2201.000
cache size	: 6144 KB
physical id	: 0
siblings	: 8
core id		: 0
cpu cores	: 4
apicid		: 0
initial apicid	: 0
fpu		: yes
fpu_exception	: yes
cpuid level	: 13
wp		: yes
flags		: fpu vme de pse tsc msr pae mce cx8 apic sep mtrr pge mca cmov pat pse36 clflush dts acpi mmx fxsr sse sse2 ss ht tm pbe syscall nx pdpe1gb rdtscp lm constant_tsc arch_perfmon pebs bts rep_good nopl xtopology nonstop_tsc aperfmperf eagerfpu pni pclmulqdq dtes64 monitor ds_cpl vmx est tm2 ssse3 fma cx16 xtpr pdcm pcid sse4_1 sse4_2 movbe popcnt tsc_deadline_timer aes xsave avx f16c rdrand lahf_lm abm ida arat epb xsaveopt pln pts dtherm tpr_shadow vnmi flexpriority ept vpid fsgsbase tsc_adjust bmi1 avx2 smep bmi2 erms invpcid
bogomips	: 4389.54
clflush size	: 64
cache_alignment	: 64
address sizes	: 39 bits physical, 48 bits virtual
power management:

processor	: 1
vendor_id	: GenuineIntel
cpu family	: 6
model		: 60
model name	: Intel(R) Core(TM) i7-4702MQ CPU @ 2.20GHz
stepping	: 3
microcode	: 0x10
cpu MHz		: 2100.000
cache size	: 6144 KB
physical id	: 0
siblings	: 8
core id		: 0
cpu cores	: 4
apicid		: 1
initial apicid	: 1
fpu		: yes
fpu_exception	: yes
cpuid level	: 13
wp		: yes
flags		: fpu vme de pse tsc msr pae mce cx8 apic sep mtrr pge mca cmov pat pse36 clflush dts acpi mmx fxsr sse sse2 ss ht tm pbe syscall nx pdpe1gb rdtscp lm constant_tsc arch_perfmon pebs bts rep_good nopl xtopology nonstop_tsc aperfmperf eagerfpu pni pclmulqdq dtes64 monitor ds_cpl vmx est tm2 ssse3 fma cx16 xtpr pdcm pcid sse4_1 sse4_2 movbe popcnt tsc_deadline_timer aes xsave avx f16c rdrand lahf_lm abm ida arat epb xsaveopt pln pts dtherm tpr_shadow vnmi flexpriority ept vpid fsgsbase tsc_adjust bmi1 avx2 smep bmi2 erms invpcid
bogomips	: 4389.54
clflush size	: 64
cache_alignment	: 64
address sizes	: 39 bits physical, 48 bits virtual
power management:

processor	: 2
vendor_id	: GenuineIntel
cpu family	: 6
model		: 60
model name	: Intel(R) Core(TM) i7-4702MQ CPU @ 2.20GHz
stepping	: 3
microcode	: 0x10
cpu MHz		: 2201.000
cache size	: 6144 KB
physical id	: 0
siblings	: 8
core id		: 1
cpu cores	: 4
apicid		: 2
initial apicid	: 2
fpu		: yes
fpu_exception	: yes
cpuid level	: 13
wp		: yes
flags		: fpu vme de pse tsc msr pae mce cx8 apic sep mtrr pge mca cmov pat pse36 clflush dts acpi mmx fxsr sse sse2 ss ht tm pbe syscall nx pdpe1gb rdtscp lm constant_tsc arch_perfmon pebs bts rep_good nopl xtopology nonstop_tsc aperfmperf eagerfpu pni pclmulqdq dtes64 monitor ds_cpl vmx est tm2 ssse3 fma cx16 xtpr pdcm pcid sse4_1 sse4_2 movbe popcnt tsc_deadline_timer aes xsave avx f16c rdrand lahf_lm abm ida arat epb xsaveopt pln pts dtherm tpr_shadow vnmi flexpriority ept vpid fsgsbase tsc_adjust bmi1 avx2 smep bmi2 erms invpcid
bogomips	: 4389.54
clflush size	: 64
cache_alignment	: 64
address sizes	: 39 bits physical, 48 bits virtual
power management:

processor	: 3
vendor_id	: GenuineIntel
cpu family	: 6
model		: 60
model name	: Intel(R) Core(TM) i7-4702MQ CPU @ 2.20GHz
stepping	: 3
microcode	: 0x10
cpu MHz		: 2201.000
cache size	: 6144 KB
physical id	: 0
siblings	: 8
core id		: 1
cpu cores	: 4
apicid		: 3
initial apicid	: 3
fpu		: yes
fpu_exception	: yes
cpuid level	: 13
wp		: yes
flags		: fpu vme de pse tsc msr pae mce cx8 apic sep mtrr pge mca cmov pat pse36 clflush dts acpi mmx fxsr sse sse2 ss ht tm pbe syscall nx pdpe1gb rdtscp lm constant_tsc arch_perfmon pebs bts rep_good nopl xtopology nonstop_tsc aperfmperf eagerfpu pni pclmulqdq dtes64 monitor ds_cpl vmx est tm2 ssse3 fma cx16 xtpr pdcm pcid sse4_1 sse4_2 movbe popcnt tsc_deadline_timer aes xsave avx f16c rdrand lahf_lm abm ida arat epb xsaveopt pln pts dtherm tpr_shadow vnmi flexpriority ept vpid fsgsbase tsc_adjust bmi1 avx2 smep bmi2 erms invpcid
bogomips	: 4389.54
clflush size	: 64
cache_alignment	: 64
address sizes	: 39 bits physical, 48 bits virtual
power management:

processor	: 4
vendor_id	: GenuineIntel
cpu family	: 6
model		: 60
model name	: Intel(R) Core(TM) i7-4702MQ CPU @ 2.20GHz
stepping	: 3
microcode	: 0x10
cpu MHz		: 2201.000
cache size	: 6144 KB
physical id	: 0
siblings	: 8
core id		: 2
cpu cores	: 4
apicid		: 4
initial apicid	: 4
fpu		: yes
fpu_exception	: yes
cpuid level	: 13
wp		: yes
flags		: fpu vme de pse tsc msr pae mce cx8 apic sep mtrr pge mca cmov pat pse36 clflush dts acpi mmx fxsr sse sse2 ss ht tm pbe syscall nx pdpe1gb rdtscp lm constant_tsc arch_perfmon pebs bts rep_good nopl xtopology nonstop_tsc aperfmperf eagerfpu pni pclmulqdq dtes64 monitor ds_cpl vmx est tm2 ssse3 fma cx16 xtpr pdcm pcid sse4_1 sse4_2 movbe popcnt tsc_deadline_timer aes xsave avx f16c rdrand lahf_lm abm ida arat epb xsaveopt pln pts dtherm tpr_shadow vnmi flexpriority ept vpid fsgsbase tsc_adjust bmi1 avx2 smep bmi2 erms invpcid
bogomips	: 4389.54
clflush size	: 64
cache_alignment	: 64
address sizes	: 39 bits physical, 48 bits virtual
power management:

processor	: 5
vendor_id	: GenuineIntel
cpu family	: 6
model		: 60
model name	: Intel(R) Core(TM) i7-4702MQ CPU @ 2.20GHz
stepping	: 3
microcode	: 0x10
cpu MHz		: 1900.000
cache size	: 6144 KB
physical id	: 0
siblings	: 8
core id		: 2
cpu cores	: 4
apicid		: 5
initial apicid	: 5
fpu		: yes
fpu_exception	: yes
cpuid level	: 13
wp		: yes
flags		: fpu vme de pse tsc msr pae mce cx8 apic sep mtrr pge mca cmov pat pse36 clflush dts acpi mmx fxsr sse sse2 ss ht tm pbe syscall nx pdpe1gb rdtscp lm constant_tsc arch_perfmon pebs bts rep_good nopl xtopology nonstop_tsc aperfmperf eagerfpu pni pclmulqdq dtes64 monitor ds_cpl vmx est tm2 ssse3 fma cx16 xtpr pdcm pcid sse4_1 sse4_2 movbe popcnt tsc_deadline_timer aes xsave avx f16c rdrand lahf_lm abm ida arat epb xsaveopt pln pts dtherm tpr_shadow vnmi flexpriority ept vpid fsgsbase tsc_adjust bmi1 avx2 smep bmi2 erms invpcid
bogomips	: 4389.54
clflush size	: 64
cache_alignment	: 64
address sizes	: 39 bits physical, 48 bits virtual
power management:

processor	: 6
vendor_id	: GenuineIntel
cpu family	: 6
model		: 60
model name	: Intel(R) Core(TM) i7-4702MQ CPU @ 2.20GHz
stepping	: 3
microcode	: 0x10
cpu MHz		: 1600.000
cache size	: 6144 KB
physical id	: 0
siblings	: 8
core id		: 3
cpu cores	: 4
apicid		: 6
initial apicid	: 6
fpu		: yes
fpu_exception	: yes
cpuid level	: 13
wp		: yes
flags		: fpu vme de pse tsc msr pae mce cx8 apic sep mtrr pge mca cmov pat pse36 clflush dts acpi mmx fxsr sse sse2 ss ht tm pbe syscall nx pdpe1gb rdtscp lm constant_tsc arch_perfmon pebs bts rep_good nopl xtopology nonstop_tsc aperfmperf eagerfpu pni pclmulqdq dtes64 monitor ds_cpl vmx est tm2 ssse3 fma cx16 xtpr pdcm pcid sse4_1 sse4_2 movbe popcnt tsc_deadline_timer aes xsave avx f16c rdrand lahf_lm abm ida arat epb xsaveopt pln pts dtherm tpr_shadow vnmi flexpriority ept vpid fsgsbase tsc_adjust bmi1 avx2 smep bmi2 erms invpcid
bogomips	: 4389.54
clflush size	: 64
cache_alignment	: 64
address sizes	: 39 bits physical, 48 bits virtual
power management:

processor	: 7
vendor_id	: GenuineIntel
cpu family	: 6
model		: 60
model name	: Intel(R) Core(TM) i7-4702MQ CPU @ 2.20GHz
stepping	: 3
microcode	: 0x10
cpu MHz		: 2201.000
cache size	: 6144 KB
physical id	: 0
siblings	: 8
core id		: 3
cpu cores	: 4
apicid		: 7
initial apicid	: 7
fpu		: yes
fpu_exception	: yes
cpuid level	: 13
wp		: yes
flags		: fpu vme de pse tsc msr pae mce cx8 apic sep mtrr pge mca cmov pat pse36 clflush dts acpi mmx fxsr sse sse2 ss ht tm pbe syscall nx pdpe1gb rdtscp lm constant_tsc arch_perfmon pebs bts rep_good nopl xtopology nonstop_tsc aperfmperf eagerfpu pni pclmulqdq dtes64 monitor ds_cpl vmx est tm2 ssse3 fma cx16 xtpr pdcm pcid sse4_1 sse4_2 movbe popcnt tsc_deadline_timer aes xsave avx f16c rdrand lahf_lm abm ida arat epb xsaveopt pln pts dtherm tpr_shadow vnmi flexpriority ept vpid fsgsbase tsc_adjust bmi1 avx2 smep bmi2 erms invpcid
bogomips	: 4389.54
clflush size	: 64
cache_alignment	: 64
address sizes	: 39 bits physical, 48 bits virtual
power management:



Memory: 4k page, physical 16344488k(14729460k free), swap 8000508k(8000508k free)

vm_info: Java HotSpot(TM) 64-Bit Server VM (25.121-b13) for linux-amd64 JRE (1.8.0_121-b13), built on Dec 12 2016 16:36:53 by "java_re" with gcc 4.3.0 20080428 (Red Hat 4.3.0-8)

time: Fri Apr  7 01:07:13 2017
elapsed time: 45 seconds (0d 0h 0m 45s)

